This file contains any messages produced by compilers while
running configure, to aid debugging if configure makes a mistake.

It was created by gtkdialog configure 0.8.3, which was
generated by GNU Autoconf 2.68.  Invocation command line was

  $ ./configure 

## --------- ##
## Platform. ##
## --------- ##

hostname = dingo.uni-bremen
uname -m = x86_64
uname -r = 4.4.0-98-generic
uname -s = Linux
uname -v = #121-Ubuntu SMP Tue Oct 10 14:24:03 UTC 2017

/usr/bin/uname -p = unknown
/bin/uname -X     = unknown

/bin/arch              = unknown
/usr/bin/arch -k       = unknown
/usr/convex/getsysinfo = unknown
/usr/bin/hostinfo      = unknown
/bin/machine           = unknown
/usr/bin/oslevel       = unknown
/bin/universe          = unknown

PATH: /usr/local/sbin
PATH: /usr/local/bin
PATH: /usr/sbin
PATH: /usr/bin
PATH: /sbin
PATH: /bin
PATH: /snap/bin


## ----------- ##
## Core tests. ##
## ----------- ##

configure:2221: checking for a BSD-compatible install
configure:2289: result: /usr/bin/install -c
configure:2300: checking whether build environment is sane
configure:2350: result: yes
configure:2491: checking for a thread-safe mkdir -p
configure:2530: result: /bin/mkdir -p
configure:2543: checking for gawk
configure:2559: found /usr/bin/gawk
configure:2570: result: gawk
configure:2581: checking whether make sets $(MAKE)
configure:2603: result: yes
configure:2686: checking whether to enable maintainer-specific portions of Makefiles
configure:2695: result: no
configure:2712: checking for svnversion
configure:2745: result: no
configure:2781: checking for style of include used by make
configure:2809: result: GNU
configure:2879: checking for gcc
configure:2895: found /usr/bin/gcc
configure:2906: result: gcc
configure:3135: checking for C compiler version
configure:3144: gcc --version >&5
gcc (Ubuntu 5.4.0-6ubuntu1~16.04.5) 5.4.0 20160609
Copyright (C) 2015 Free Software Foundation, Inc.
This is free software; see the source for copying conditions.  There is NO
warranty; not even for MERCHANTABILITY or FITNESS FOR A PARTICULAR PURPOSE.

configure:3155: $? = 0
configure:3144: gcc -v >&5
Using built-in specs.
COLLECT_GCC=gcc
COLLECT_LTO_WRAPPER=/usr/lib/gcc/x86_64-linux-gnu/5/lto-wrapper
Target: x86_64-linux-gnu
Configured with: ../src/configure -v --with-pkgversion='Ubuntu 5.4.0-6ubuntu1~16.04.5' --with-bugurl=file:///usr/share/doc/gcc-5/README.Bugs --enable-languages=c,ada,c++,java,go,d,fortran,objc,obj-c++ --prefix=/usr --program-suffix=-5 --enable-shared --enable-linker-build-id --libexecdir=/usr/lib --without-included-gettext --enable-threads=posix --libdir=/usr/lib --enable-nls --with-sysroot=/ --enable-clocale=gnu --enable-libstdcxx-debug --enable-libstdcxx-time=yes --with-default-libstdcxx-abi=new --enable-gnu-unique-object --disable-vtable-verify --enable-libmpx --enable-plugin --with-system-zlib --disable-browser-plugin --enable-java-awt=gtk --enable-gtk-cairo --with-java-home=/usr/lib/jvm/java-1.5.0-gcj-5-amd64/jre --enable-java-home --with-jvm-root-dir=/usr/lib/jvm/java-1.5.0-gcj-5-amd64 --with-jvm-jar-dir=/usr/lib/jvm-exports/java-1.5.0-gcj-5-amd64 --with-arch-directory=amd64 --with-ecj-jar=/usr/share/java/eclipse-ecj.jar --enable-objc-gc --enable-multiarch --disable-werror --with-arch-32=i686 --with-abi=m64 --with-multilib-list=m32,m64,mx32 --enable-multilib --with-tune=generic --enable-checking=release --build=x86_64-linux-gnu --host=x86_64-linux-gnu --target=x86_64-linux-gnu
Thread model: posix
gcc version 5.4.0 20160609 (Ubuntu 5.4.0-6ubuntu1~16.04.5) 
configure:3155: $? = 0
configure:3144: gcc -V >&5
gcc: error: unrecognized command line option '-V'
gcc: fatal error: no input files
compilation terminated.
configure:3155: $? = 1
configure:3144: gcc -qversion >&5
gcc: error: unrecognized command line option '-qversion'
gcc: fatal error: no input files
compilation terminated.
configure:3155: $? = 1
configure:3175: checking whether the C compiler works
configure:3197: gcc    conftest.c  >&5
configure:3201: $? = 0
configure:3249: result: yes
configure:3252: checking for C compiler default output file name
configure:3254: result: a.out
configure:3260: checking for suffix of executables
configure:3267: gcc -o conftest    conftest.c  >&5
configure:3271: $? = 0
configure:3293: result: 
configure:3315: checking whether we are cross compiling
configure:3323: gcc -o conftest    conftest.c  >&5
configure:3327: $? = 0
configure:3334: ./conftest
configure:3338: $? = 0
configure:3353: result: no
configure:3358: checking for suffix of object files
configure:3380: gcc -c   conftest.c >&5
configure:3384: $? = 0
configure:3405: result: o
configure:3409: checking whether we are using the GNU C compiler
configure:3428: gcc -c   conftest.c >&5
configure:3428: $? = 0
configure:3437: result: yes
configure:3446: checking whether gcc accepts -g
configure:3466: gcc -c -g  conftest.c >&5
configure:3466: $? = 0
configure:3507: result: yes
configure:3524: checking for gcc option to accept ISO C89
configure:3588: gcc  -c -g -O2  conftest.c >&5
configure:3588: $? = 0
configure:3601: result: none needed
configure:3623: checking dependency style of gcc
configure:3733: result: gcc3
configure:3749: checking for library containing strerror
configure:3780: gcc -o conftest -g -O2   conftest.c  >&5
configure:3780: $? = 0
configure:3797: result: none required
configure:3853: checking for gcc
configure:3880: result: gcc
configure:4109: checking for C compiler version
configure:4118: gcc --version >&5
gcc (Ubuntu 5.4.0-6ubuntu1~16.04.5) 5.4.0 20160609
Copyright (C) 2015 Free Software Foundation, Inc.
This is free software; see the source for copying conditions.  There is NO
warranty; not even for MERCHANTABILITY or FITNESS FOR A PARTICULAR PURPOSE.

configure:4129: $? = 0
configure:4118: gcc -v >&5
Using built-in specs.
COLLECT_GCC=gcc
COLLECT_LTO_WRAPPER=/usr/lib/gcc/x86_64-linux-gnu/5/lto-wrapper
Target: x86_64-linux-gnu
Configured with: ../src/configure -v --with-pkgversion='Ubuntu 5.4.0-6ubuntu1~16.04.5' --with-bugurl=file:///usr/share/doc/gcc-5/README.Bugs --enable-languages=c,ada,c++,java,go,d,fortran,objc,obj-c++ --prefix=/usr --program-suffix=-5 --enable-shared --enable-linker-build-id --libexecdir=/usr/lib --without-included-gettext --enable-threads=posix --libdir=/usr/lib --enable-nls --with-sysroot=/ --enable-clocale=gnu --enable-libstdcxx-debug --enable-libstdcxx-time=yes --with-default-libstdcxx-abi=new --enable-gnu-unique-object --disable-vtable-verify --enable-libmpx --enable-plugin --with-system-zlib --disable-browser-plugin --enable-java-awt=gtk --enable-gtk-cairo --with-java-home=/usr/lib/jvm/java-1.5.0-gcj-5-amd64/jre --enable-java-home --with-jvm-root-dir=/usr/lib/jvm/java-1.5.0-gcj-5-amd64 --with-jvm-jar-dir=/usr/lib/jvm-exports/java-1.5.0-gcj-5-amd64 --with-arch-directory=amd64 --with-ecj-jar=/usr/share/java/eclipse-ecj.jar --enable-objc-gc --enable-multiarch --disable-werror --with-arch-32=i686 --with-abi=m64 --with-multilib-list=m32,m64,mx32 --enable-multilib --with-tune=generic --enable-checking=release --build=x86_64-linux-gnu --host=x86_64-linux-gnu --target=x86_64-linux-gnu
Thread model: posix
gcc version 5.4.0 20160609 (Ubuntu 5.4.0-6ubuntu1~16.04.5) 
configure:4129: $? = 0
configure:4118: gcc -V >&5
gcc: error: unrecognized command line option '-V'
gcc: fatal error: no input files
compilation terminated.
configure:4129: $? = 1
configure:4118: gcc -qversion >&5
gcc: error: unrecognized command line option '-qversion'
gcc: fatal error: no input files
compilation terminated.
configure:4129: $? = 1
configure:4133: checking whether we are using the GNU C compiler
configure:4161: result: yes
configure:4170: checking whether gcc accepts -g
configure:4231: result: yes
configure:4248: checking for gcc option to accept ISO C89
configure:4325: result: none needed
configure:4347: checking dependency style of gcc
configure:4457: result: gcc3
configure:4480: checking how to run the C preprocessor
configure:4511: gcc -E  conftest.c
configure:4511: $? = 0
configure:4525: gcc -E  conftest.c
conftest.c:12:28: fatal error: ac_nonexistent.h: No such file or directory
compilation terminated.
configure:4525: $? = 1
configure: failed program was:
| /* confdefs.h */
| #define PACKAGE_NAME "gtkdialog"
| #define PACKAGE_TARNAME "gtkdialog"
| #define PACKAGE_VERSION "0.8.3"
| #define PACKAGE_STRING "gtkdialog 0.8.3"
| #define PACKAGE_BUGREPORT "thunorsif@hotmail.com"
| #define PACKAGE_URL "http://code.google.com/p/gtkdialog/"
| #define PACKAGE "gtkdialog"
| #define VERSION "0.8.3"
| #define BUILD_DETAILS "release"
| /* end confdefs.h.  */
| #include <ac_nonexistent.h>
configure:4550: result: gcc -E
configure:4570: gcc -E  conftest.c
configure:4570: $? = 0
configure:4584: gcc -E  conftest.c
conftest.c:12:28: fatal error: ac_nonexistent.h: No such file or directory
compilation terminated.
configure:4584: $? = 1
configure: failed program was:
| /* confdefs.h */
| #define PACKAGE_NAME "gtkdialog"
| #define PACKAGE_TARNAME "gtkdialog"
| #define PACKAGE_VERSION "0.8.3"
| #define PACKAGE_STRING "gtkdialog 0.8.3"
| #define PACKAGE_BUGREPORT "thunorsif@hotmail.com"
| #define PACKAGE_URL "http://code.google.com/p/gtkdialog/"
| #define PACKAGE "gtkdialog"
| #define VERSION "0.8.3"
| #define BUILD_DETAILS "release"
| /* end confdefs.h.  */
| #include <ac_nonexistent.h>
configure:4613: checking for grep that handles long lines and -e
configure:4671: result: /bin/grep
configure:4676: checking for egrep
configure:4738: result: /bin/grep -E
configure:4743: checking for ANSI C header files
configure:4763: gcc -c -g -O2  conftest.c >&5
configure:4763: $? = 0
configure:4836: gcc -o conftest -g -O2   conftest.c  >&5
configure:4836: $? = 0
configure:4836: ./conftest
configure:4836: $? = 0
configure:4847: result: yes
configure:4859: checking for flex
configure:4889: result: no
configure:4859: checking for lex
configure:4889: result: no
configure:5020: checking for bison
configure:5050: result: no
configure:5020: checking for byacc
configure:5050: result: no
configure:5116: checking for pkg-config
configure:5134: found /usr/bin/pkg-config
configure:5146: result: /usr/bin/pkg-config
configure:5171: checking pkg-config is at least version 0.9.0
configure:5174: result: yes
configure:5184: checking for GTK
configure:5191: $PKG_CONFIG --exists --print-errors "$pkg_modules"
configure:5194: $? = 0
configure:5207: $PKG_CONFIG --exists --print-errors "$pkg_modules"
configure:5210: $? = 0
configure:5267: result: yes
configure:5277: checking for GTHREAD
configure:5284: $PKG_CONFIG --exists --print-errors "$pkg_modules"
configure:5287: $? = 0
configure:5300: $PKG_CONFIG --exists --print-errors "$pkg_modules"
configure:5303: $? = 0
configure:5360: result: yes
configure:5370: checking for GLADE_LIB
configure:5378: $PKG_CONFIG --exists --print-errors "\
	$glade_lib"
Package libglade-2.0 was not found in the pkg-config search path.
Perhaps you should add the directory containing `libglade-2.0.pc'
to the PKG_CONFIG_PATH environment variable
No package 'libglade-2.0' found
configure:5382: $? = 1
configure:5397: $PKG_CONFIG --exists --print-errors "\
	$glade_lib"
Package libglade-2.0 was not found in the pkg-config search path.
Perhaps you should add the directory containing `libglade-2.0.pc'
to the PKG_CONFIG_PATH environment variable
No package 'libglade-2.0' found
configure:5401: $? = 1
configure:5415: result: no
No package 'libglade-2.0' found
configure:5457: checking for VTE
configure:5465: $PKG_CONFIG --exists --print-errors "\
	$vte_lib"
Package vte was not found in the pkg-config search path.
Perhaps you should add the directory containing `vte.pc'
to the PKG_CONFIG_PATH environment variable
No package 'vte' found
configure:5469: $? = 1
configure:5484: $PKG_CONFIG --exists --print-errors "\
	$vte_lib"
Package vte was not found in the pkg-config search path.
Perhaps you should add the directory containing `vte.pc'
to the PKG_CONFIG_PATH environment variable
No package 'vte' found
configure:5488: $? = 1
configure:5502: result: no
No package 'vte' found
configure:5547: checking for sys/types.h
configure:5547: gcc -c -g -O2  conftest.c >&5
configure:5547: $? = 0
configure:5547: result: yes
configure:5547: checking for sys/stat.h
configure:5547: gcc -c -g -O2  conftest.c >&5
configure:5547: $? = 0
configure:5547: result: yes
configure:5547: checking for stdlib.h
configure:5547: gcc -c -g -O2  conftest.c >&5
configure:5547: $? = 0
configure:5547: result: yes
configure:5547: checking for string.h
configure:5547: gcc -c -g -O2  conftest.c >&5
configure:5547: $? = 0
configure:5547: result: yes
configure:5547: checking for memory.h
configure:5547: gcc -c -g -O2  conftest.c >&5
configure:5547: $? = 0
configure:5547: result: yes
configure:5547: checking for strings.h
configure:5547: gcc -c -g -O2  conftest.c >&5
configure:5547: $? = 0
configure:5547: result: yes
configure:5547: checking for inttypes.h
configure:5547: gcc -c -g -O2  conftest.c >&5
configure:5547: $? = 0
configure:5547: result: yes
configure:5547: checking for stdint.h
configure:5547: gcc -c -g -O2  conftest.c >&5
configure:5547: $? = 0
configure:5547: result: yes
configure:5547: checking for unistd.h
configure:5547: gcc -c -g -O2  conftest.c >&5
configure:5547: $? = 0
configure:5547: result: yes
configure:5561: checking locale.h usability
configure:5561: gcc -c -g -O2  conftest.c >&5
configure:5561: $? = 0
configure:5561: result: yes
configure:5561: checking locale.h presence
configure:5561: gcc -E  conftest.c
configure:5561: $? = 0
configure:5561: result: yes
configure:5561: checking for locale.h
configure:5561: result: yes
configure:5577: checking for setlocale
configure:5577: gcc -o conftest -g -O2   conftest.c  >&5
configure:5577: $? = 0
configure:5577: result: yes
configure:5728: creating ./config.status

## ---------------------- ##
## Running config.status. ##
## ---------------------- ##

This file was extended by gtkdialog config.status 0.8.3, which was
generated by GNU Autoconf 2.68.  Invocation command line was

  CONFIG_FILES    = 
  CONFIG_HEADERS  = 
  CONFIG_LINKS    = 
  CONFIG_COMMANDS = 
  $ ./config.status 

on dingo.uni-bremen

config.status:897: creating Makefile
config.status:897: creating gtkdialog.spec
config.status:897: creating src/Makefile
config.status:897: creating doc/Makefile
config.status:897: creating data/Makefile
config.status:897: creating data/icons/Makefile
config.status:897: creating data/icons/hicolor/Makefile
config.status:897: creating data/icons/hicolor/32x32/Makefile
config.status:897: creating data/icons/hicolor/32x32/apps/Makefile
config.status:897: creating config.h
config.status:1126: executing depfiles commands

## ---------------- ##
## Cache variables. ##
## ---------------- ##

ac_cv_c_compiler_gnu=yes
ac_cv_env_CC_set=
ac_cv_env_CC_value=
ac_cv_env_CFLAGS_set=
ac_cv_env_CFLAGS_value=
ac_cv_env_CPPFLAGS_set=
ac_cv_env_CPPFLAGS_value=
ac_cv_env_CPP_set=
ac_cv_env_CPP_value=
ac_cv_env_GLADE_LIB_CFLAGS_set=
ac_cv_env_GLADE_LIB_CFLAGS_value=
ac_cv_env_GLADE_LIB_LIBS_set=
ac_cv_env_GLADE_LIB_LIBS_value=
ac_cv_env_GTHREAD_CFLAGS_set=
ac_cv_env_GTHREAD_CFLAGS_value=
ac_cv_env_GTHREAD_LIBS_set=
ac_cv_env_GTHREAD_LIBS_value=
ac_cv_env_GTK_CFLAGS_set=
ac_cv_env_GTK_CFLAGS_value=
ac_cv_env_GTK_LIBS_set=
ac_cv_env_GTK_LIBS_value=
ac_cv_env_LDFLAGS_set=
ac_cv_env_LDFLAGS_value=
ac_cv_env_LIBS_set=
ac_cv_env_LIBS_value=
ac_cv_env_PKG_CONFIG_LIBDIR_set=
ac_cv_env_PKG_CONFIG_LIBDIR_value=
ac_cv_env_PKG_CONFIG_PATH_set=
ac_cv_env_PKG_CONFIG_PATH_value=
ac_cv_env_PKG_CONFIG_set=
ac_cv_env_PKG_CONFIG_value=
ac_cv_env_VTE_CFLAGS_set=
ac_cv_env_VTE_CFLAGS_value=
ac_cv_env_VTE_LIBS_set=
ac_cv_env_VTE_LIBS_value=
ac_cv_env_YACC_set=
ac_cv_env_YACC_value=
ac_cv_env_YFLAGS_set=
ac_cv_env_YFLAGS_value=
ac_cv_env_build_alias_set=
ac_cv_env_build_alias_value=
ac_cv_env_host_alias_set=
ac_cv_env_host_alias_value=
ac_cv_env_target_alias_set=
ac_cv_env_target_alias_value=
ac_cv_func_setlocale=yes
ac_cv_header_inttypes_h=yes
ac_cv_header_locale_h=yes
ac_cv_header_memory_h=yes
ac_cv_header_stdc=yes
ac_cv_header_stdint_h=yes
ac_cv_header_stdlib_h=yes
ac_cv_header_string_h=yes
ac_cv_header_strings_h=yes
ac_cv_header_sys_stat_h=yes
ac_cv_header_sys_types_h=yes
ac_cv_header_unistd_h=yes
ac_cv_objext=o
ac_cv_path_EGREP='/bin/grep -E'
ac_cv_path_GREP=/bin/grep
ac_cv_path_ac_pt_PKG_CONFIG=/usr/bin/pkg-config
ac_cv_path_install='/usr/bin/install -c'
ac_cv_path_mkdir=/bin/mkdir
ac_cv_prog_AWK=gawk
ac_cv_prog_CPP='gcc -E'
ac_cv_prog_ac_ct_CC=gcc
ac_cv_prog_cc_c89=
ac_cv_prog_cc_g=yes
ac_cv_prog_make_make_set=yes
ac_cv_search_strerror='none required'
am_cv_CC_dependencies_compiler_type=gcc3
am_cv_prog_cc_stdc=
pkg_cv_GTHREAD_CFLAGS='-pthread -I/usr/include/glib-2.0 -I/usr/lib/x86_64-linux-gnu/glib-2.0/include'
pkg_cv_GTHREAD_LIBS='-lgthread-2.0 -pthread -lglib-2.0'
pkg_cv_GTK_CFLAGS='-pthread -I/usr/include/gtk-2.0 -I/usr/lib/x86_64-linux-gnu/gtk-2.0/include -I/usr/include/gio-unix-2.0/ -I/usr/include/cairo -I/usr/include/pango-1.0 -I/usr/include/atk-1.0 -I/usr/include/cairo -I/usr/include/pixman-1 -I/usr/include/libpng12 -I/usr/include/gdk-pixbuf-2.0 -I/usr/include/libpng12 -I/usr/include/pango-1.0 -I/usr/include/harfbuzz -I/usr/include/pango-1.0 -I/usr/include/glib-2.0 -I/usr/lib/x86_64-linux-gnu/glib-2.0/include -I/usr/include/freetype2'
pkg_cv_GTK_LIBS='-lgtk-x11-2.0 -lgdk-x11-2.0 -lpangocairo-1.0 -latk-1.0 -lcairo -lgdk_pixbuf-2.0 -lgio-2.0 -lpangoft2-1.0 -lpango-1.0 -lgobject-2.0 -lglib-2.0 -lfontconfig -lfreetype'

## ----------------- ##
## Output variables. ##
## ----------------- ##

ACLOCAL='${SHELL} /home/lorraine/instalation/gtkdialog-0.8.3/missing --run aclocal-1.11'
AMDEPBACKSLASH='\'
AMDEP_FALSE='#'
AMDEP_TRUE=''
AMTAR='${SHELL} /home/lorraine/instalation/gtkdialog-0.8.3/missing --run tar'
AUTOCONF='${SHELL} /home/lorraine/instalation/gtkdialog-0.8.3/missing --run autoconf'
AUTOHEADER='${SHELL} /home/lorraine/instalation/gtkdialog-0.8.3/missing --run autoheader'
AUTOMAKE='${SHELL} /home/lorraine/instalation/gtkdialog-0.8.3/missing --run automake-1.11'
AWK='gawk'
CC='gcc'
CCDEPMODE='depmode=gcc3'
CFLAGS='-g -O2'
CPP='gcc -E'
CPPFLAGS=''
CYGPATH_W='echo'
DEFS='-DHAVE_CONFIG_H'
DEPDIR='.deps'
ECHO_C=''
ECHO_N='-n'
ECHO_T=''
EGREP='/bin/grep -E'
EXEEXT=''
GLADE_LIB_CFLAGS=''
GLADE_LIB_LIBS=''
GREP='/bin/grep'
GTHREAD_CFLAGS='-pthread -I/usr/include/glib-2.0 -I/usr/lib/x86_64-linux-gnu/glib-2.0/include'
GTHREAD_LIBS='-lgthread-2.0 -pthread -lglib-2.0'
GTK_CFLAGS='-pthread -I/usr/include/gtk-2.0 -I/usr/lib/x86_64-linux-gnu/gtk-2.0/include -I/usr/include/gio-unix-2.0/ -I/usr/include/cairo -I/usr/include/pango-1.0 -I/usr/include/atk-1.0 -I/usr/include/cairo -I/usr/include/pixman-1 -I/usr/include/libpng12 -I/usr/include/gdk-pixbuf-2.0 -I/usr/include/libpng12 -I/usr/include/pango-1.0 -I/usr/include/harfbuzz -I/usr/include/pango-1.0 -I/usr/include/glib-2.0 -I/usr/lib/x86_64-linux-gnu/glib-2.0/include -I/usr/include/freetype2'
GTK_LIBS='-lgtk-x11-2.0 -lgdk-x11-2.0 -lpangocairo-1.0 -latk-1.0 -lcairo -lgdk_pixbuf-2.0 -lgio-2.0 -lpangoft2-1.0 -lpango-1.0 -lgobject-2.0 -lglib-2.0 -lfontconfig -lfreetype'
HAVE_GLADE_LIB='0'
HAVE_VTE='0'
INSTALL_DATA='${INSTALL} -m 644'
INSTALL_PROGRAM='${INSTALL}'
INSTALL_SCRIPT='${INSTALL}'
INSTALL_STRIP_PROGRAM='$(install_sh) -c -s'
LDFLAGS=''
LEX='${SHELL} /home/lorraine/instalation/gtkdialog-0.8.3/missing --run flex'
LEXLIB=''
LEX_OUTPUT_ROOT=''
LIBOBJS=''
LIBS=''
LTLIBOBJS=''
MAINT='#'
MAINTAINER_MODE_FALSE=''
MAINTAINER_MODE_TRUE='#'
MAKEINFO='${SHELL} /home/lorraine/instalation/gtkdialog-0.8.3/missing --run makeinfo'
MKDIR_P='/bin/mkdir -p'
OBJEXT='o'
PACKAGE='gtkdialog'
PACKAGE_BUGREPORT='thunorsif@hotmail.com'
PACKAGE_NAME='gtkdialog'
PACKAGE_STRING='gtkdialog 0.8.3'
PACKAGE_TARNAME='gtkdialog'
PACKAGE_URL='http://code.google.com/p/gtkdialog/'
PACKAGE_VERSION='0.8.3'
PATH_SEPARATOR=':'
PKG_CONFIG='/usr/bin/pkg-config'
PKG_CONFIG_LIBDIR=''
PKG_CONFIG_PATH=''
SET_MAKE=''
SHELL='/bin/bash'
STRIP=''
VERSION='0.8.3'
VTE_CFLAGS=''
VTE_LIBS=''
YACC='yacc'
YFLAGS=''
ac_ct_CC='gcc'
am__EXEEXT_FALSE=''
am__EXEEXT_TRUE='#'
am__fastdepCC_FALSE='#'
am__fastdepCC_TRUE=''
am__include='include'
am__isrc=''
am__leading_dot='.'
am__quote=''
am__tar='${AMTAR} chof - "$$tardir"'
am__untar='${AMTAR} xf -'
bindir='${exec_prefix}/bin'
build_alias=''
datadir='${datarootdir}'
datarootdir='${prefix}/share'
docdir='${datarootdir}/doc/${PACKAGE_TARNAME}'
dvidir='${docdir}'
exec_prefix='${prefix}'
host_alias=''
htmldir='${docdir}'
includedir='${prefix}/include'
infodir='${datarootdir}/info'
install_sh='${SHELL} /home/lorraine/instalation/gtkdialog-0.8.3/install-sh'
libdir='${exec_prefix}/lib'
libexecdir='${exec_prefix}/libexec'
localedir='${datarootdir}/locale'
localstatedir='${prefix}/var'
mandir='${datarootdir}/man'
mkdir_p='/bin/mkdir -p'
oldincludedir='/usr/include'
pdfdir='${docdir}'
prefix='/usr/local'
program_transform_name='s,x,x,'
psdir='${docdir}'
sbindir='${exec_prefix}/sbin'
sharedstatedir='${prefix}/com'
svnv=''
sysconfdir='${prefix}/etc'
target_alias=''

## ----------- ##
## confdefs.h. ##
## ----------- ##

/* confdefs.h */
#define PACKAGE_NAME "gtkdialog"
#define PACKAGE_TARNAME "gtkdialog"
#define PACKAGE_VERSION "0.8.3"
#define PACKAGE_STRING "gtkdialog 0.8.3"
#define PACKAGE_BUGREPORT "thunorsif@hotmail.com"
#define PACKAGE_URL "http://code.google.com/p/gtkdialog/"
#define PACKAGE "gtkdialog"
#define VERSION "0.8.3"
#define BUILD_DETAILS "release"
#define STDC_HEADERS 1
#define HAVE_SYS_TYPES_H 1
#define HAVE_SYS_STAT_H 1
#define HAVE_STDLIB_H 1
#define HAVE_STRING_H 1
#define HAVE_MEMORY_H 1
#define HAVE_STRINGS_H 1
#define HAVE_INTTYPES_H 1
#define HAVE_STDINT_H 1
#define HAVE_UNISTD_H 1
#define HAVE_LOCALE_H 1
#define HAVE_SETLOCALE 1

configure: exit 0
